execve("./bin/DormAssignments.o", ["./bin/DormAssignments.o"], 0x7ffed328e3a0 /* 56 vars */) = 0
brk(NULL)                               = 0x561776f51000
arch_prctl(0x3001 /* ARCH_??? */, 0x7ffc15e3d850) = -1 EINVAL (Invalid argument)
access("/etc/ld.so.preload", R_OK)      = -1 ENOENT (No such file or directory)
openat(AT_FDCWD, "/etc/ld.so.cache", O_RDONLY|O_CLOEXEC) = 3
fstat(3, {st_mode=S_IFREG|0644, st_size=132763, ...}) = 0
mmap(NULL, 132763, PROT_READ, MAP_PRIVATE, 3, 0) = 0x7fcfd0645000
close(3)                                = 0
openat(AT_FDCWD, "/lib/x86_64-linux-gnu/libstdc++.so.6", O_RDONLY|O_CLOEXEC) = 3
read(3, "\177ELF\2\1\1\3\0\0\0\0\0\0\0\0\3\0>\0\1\0\0\0\240\341\t\0\0\0\0\0"..., 832) = 832
fstat(3, {st_mode=S_IFREG|0644, st_size=1952928, ...}) = 0
mmap(NULL, 8192, PROT_READ|PROT_WRITE, MAP_PRIVATE|MAP_ANONYMOUS, -1, 0) = 0x7fcfd0643000
mmap(NULL, 1968128, PROT_READ, MAP_PRIVATE|MAP_DENYWRITE, 3, 0) = 0x7fcfd0462000
mprotect(0x7fcfd04f8000, 1286144, PROT_NONE) = 0
mmap(0x7fcfd04f8000, 983040, PROT_READ|PROT_EXEC, MAP_PRIVATE|MAP_FIXED|MAP_DENYWRITE, 3, 0x96000) = 0x7fcfd04f8000
mmap(0x7fcfd05e8000, 299008, PROT_READ, MAP_PRIVATE|MAP_FIXED|MAP_DENYWRITE, 3, 0x186000) = 0x7fcfd05e8000
mmap(0x7fcfd0632000, 57344, PROT_READ|PROT_WRITE, MAP_PRIVATE|MAP_FIXED|MAP_DENYWRITE, 3, 0x1cf000) = 0x7fcfd0632000
mmap(0x7fcfd0640000, 10240, PROT_READ|PROT_WRITE, MAP_PRIVATE|MAP_FIXED|MAP_ANONYMOUS, -1, 0) = 0x7fcfd0640000
close(3)                                = 0
openat(AT_FDCWD, "/lib/x86_64-linux-gnu/libm.so.6", O_RDONLY|O_CLOEXEC) = 3
read(3, "\177ELF\2\1\1\3\0\0\0\0\0\0\0\0\3\0>\0\1\0\0\0\300\363\0\0\0\0\0\0"..., 832) = 832
fstat(3, {st_mode=S_IFREG|0644, st_size=1369352, ...}) = 0
mmap(NULL, 1368336, PROT_READ, MAP_PRIVATE|MAP_DENYWRITE, 3, 0) = 0x7fcfd0313000
mmap(0x7fcfd0322000, 684032, PROT_READ|PROT_EXEC, MAP_PRIVATE|MAP_FIXED|MAP_DENYWRITE, 3, 0xf000) = 0x7fcfd0322000
mmap(0x7fcfd03c9000, 618496, PROT_READ, MAP_PRIVATE|MAP_FIXED|MAP_DENYWRITE, 3, 0xb6000) = 0x7fcfd03c9000
mmap(0x7fcfd0460000, 8192, PROT_READ|PROT_WRITE, MAP_PRIVATE|MAP_FIXED|MAP_DENYWRITE, 3, 0x14c000) = 0x7fcfd0460000
close(3)                                = 0
openat(AT_FDCWD, "/lib/x86_64-linux-gnu/libgcc_s.so.1", O_RDONLY|O_CLOEXEC) = 3
read(3, "\177ELF\2\1\1\0\0\0\0\0\0\0\0\0\3\0>\0\1\0\0\0\3405\0\0\0\0\0\0"..., 832) = 832
fstat(3, {st_mode=S_IFREG|0644, st_size=104984, ...}) = 0
mmap(NULL, 107592, PROT_READ, MAP_PRIVATE|MAP_DENYWRITE, 3, 0) = 0x7fcfd02f8000
mmap(0x7fcfd02fb000, 73728, PROT_READ|PROT_EXEC, MAP_PRIVATE|MAP_FIXED|MAP_DENYWRITE, 3, 0x3000) = 0x7fcfd02fb000
mmap(0x7fcfd030d000, 16384, PROT_READ, MAP_PRIVATE|MAP_FIXED|MAP_DENYWRITE, 3, 0x15000) = 0x7fcfd030d000
mmap(0x7fcfd0311000, 8192, PROT_READ|PROT_WRITE, MAP_PRIVATE|MAP_FIXED|MAP_DENYWRITE, 3, 0x18000) = 0x7fcfd0311000
close(3)                                = 0
openat(AT_FDCWD, "/lib/x86_64-linux-gnu/libc.so.6", O_RDONLY|O_CLOEXEC) = 3
read(3, "\177ELF\2\1\1\3\0\0\0\0\0\0\0\0\3\0>\0\1\0\0\0\360q\2\0\0\0\0\0"..., 832) = 832
pread64(3, "\6\0\0\0\4\0\0\0@\0\0\0\0\0\0\0@\0\0\0\0\0\0\0@\0\0\0\0\0\0\0"..., 784, 64) = 784
pread64(3, "\4\0\0\0\20\0\0\0\5\0\0\0GNU\0\2\0\0\300\4\0\0\0\3\0\0\0\0\0\0\0", 32, 848) = 32
pread64(3, "\4\0\0\0\24\0\0\0\3\0\0\0GNU\0\t\233\222%\274\260\320\31\331\326\10\204\276X>\263"..., 68, 880) = 68
fstat(3, {st_mode=S_IFREG|0755, st_size=2029224, ...}) = 0
pread64(3, "\6\0\0\0\4\0\0\0@\0\0\0\0\0\0\0@\0\0\0\0\0\0\0@\0\0\0\0\0\0\0"..., 784, 64) = 784
pread64(3, "\4\0\0\0\20\0\0\0\5\0\0\0GNU\0\2\0\0\300\4\0\0\0\3\0\0\0\0\0\0\0", 32, 848) = 32
pread64(3, "\4\0\0\0\24\0\0\0\3\0\0\0GNU\0\t\233\222%\274\260\320\31\331\326\10\204\276X>\263"..., 68, 880) = 68
mmap(NULL, 2036952, PROT_READ, MAP_PRIVATE|MAP_DENYWRITE, 3, 0) = 0x7fcfd0106000
mprotect(0x7fcfd012b000, 1847296, PROT_NONE) = 0
mmap(0x7fcfd012b000, 1540096, PROT_READ|PROT_EXEC, MAP_PRIVATE|MAP_FIXED|MAP_DENYWRITE, 3, 0x25000) = 0x7fcfd012b000
mmap(0x7fcfd02a3000, 303104, PROT_READ, MAP_PRIVATE|MAP_FIXED|MAP_DENYWRITE, 3, 0x19d000) = 0x7fcfd02a3000
mmap(0x7fcfd02ee000, 24576, PROT_READ|PROT_WRITE, MAP_PRIVATE|MAP_FIXED|MAP_DENYWRITE, 3, 0x1e7000) = 0x7fcfd02ee000
mmap(0x7fcfd02f4000, 13528, PROT_READ|PROT_WRITE, MAP_PRIVATE|MAP_FIXED|MAP_ANONYMOUS, -1, 0) = 0x7fcfd02f4000
close(3)                                = 0
mmap(NULL, 8192, PROT_READ|PROT_WRITE, MAP_PRIVATE|MAP_ANONYMOUS, -1, 0) = 0x7fcfd0104000
arch_prctl(ARCH_SET_FS, 0x7fcfd0104f40) = 0
mprotect(0x7fcfd02ee000, 12288, PROT_READ) = 0
mprotect(0x7fcfd0311000, 4096, PROT_READ) = 0
mprotect(0x7fcfd0460000, 4096, PROT_READ) = 0
mmap(NULL, 8192, PROT_READ|PROT_WRITE, MAP_PRIVATE|MAP_ANONYMOUS, -1, 0) = 0x7fcfd0102000
mprotect(0x7fcfd0632000, 45056, PROT_READ) = 0
mprotect(0x5617754f8000, 4096, PROT_READ) = 0
mprotect(0x7fcfd0693000, 4096, PROT_READ) = 0
munmap(0x7fcfd0645000, 132763)          = 0
brk(NULL)                               = 0x561776f51000
brk(0x561776f72000)                     = 0x561776f72000
openat(AT_FDCWD, "data/roommates.txt", O_RDONLY) = 3
read(3, "0 54 86 84 11 69 29 69 29 59 58 "..., 8191) = 8191
read(3, "27 21 80 0 9 72 28 84 73 21 52 2"..., 8191) = 8191
read(3, " 26 0 37 32 37 67 8 70 63 0 2 0 "..., 8191) = 8191
read(3, "9 94 97 0 91 72 47 83 7 58 60 67"..., 8191) = 8191
read(3, " 30 10 66 45 3 38 96 1 48 3 58 6"..., 8191) = 8191
read(3, "3 63 38 17 54 12 28 87 47 9 69 7"..., 8191) = 8191
read(3, " 66 26 58 31 74 8 99 73 55 34 17"..., 8191) = 8191
read(3, " 60 75 97 50 28 32 35 75 33 11 3"..., 8191) = 8191
read(3, " 86 54 39 24 20 62 0 4 59 14 20 "..., 8191) = 8191
read(3, "1 16 25 16 90 88 82 12 72 73 72 "..., 8191) = 8191
read(3, "97 37 78 72 22 59 53 46 50 64 79"..., 8191) = 8191
read(3, "65 16 7 50 78 96 74 11 62 75 14 "..., 8191) = 8191
read(3, "\r\n99 96 43 34 28 46 57 15 84 5 2"..., 8191) = 8191
read(3, "6 48 79 6 64 17 61 60 98 22 50 7"..., 8191) = 8191
read(3, "88 85 61 81 66 3 85 39 70 45 95 "..., 8191) = 1670
close(3)                                = 0
openat(AT_FDCWD, "/etc/localtime", O_RDONLY|O_CLOEXEC) = 3
fstat(3, {st_mode=S_IFREG|0644, st_size=3576, ...}) = 0
fstat(3, {st_mode=S_IFREG|0644, st_size=3576, ...}) = 0
read(3, "TZif2\0\0\0\0\0\0\0\0\0\0\0\0\0\0\0\0\0\0\7\0\0\0\7\0\0\0\0"..., 4096) = 3576
lseek(3, -2272, SEEK_CUR)               = 1304
read(3, "TZif2\0\0\0\0\0\0\0\0\0\0\0\0\0\0\0\0\0\0\7\0\0\0\7\0\0\0\0"..., 4096) = 2272
close(3)                                = 0
openat(AT_FDCWD, "results/2021-03-12_13:36:08.txt", O_WRONLY|O_CREAT|O_TRUNC, 0666) = 3
write(3, "Initial temperature:       1000\n"..., 3189) = 3189
close(3)                                = 0
exit_group(0)                           = ?
+++ exited with 0 +++
